<?xml version="1.0" encoding="UTF-8"?>
<!-- Generated by org.testng.reporters.JUnitXMLReporter -->
<testsuite hostname="Jabins-MBP.lan" name="Contact Us Test" tests="5" failures="0" timestamp="29 May 2021 04:29:17 GMT" time="5.597" errors="0">
  <testcase name="verifyContactUs" time="1.018" classname="contactUsTest.ContactUsClass"/>
  <testcase name="verifyContactUs1" time="0.117" classname="contactUsTest.ContactUsClass"/>
  <testcase name="verifyContactUs2" time="0.169" classname="contactUsTest.ContactUsClass"/>
  <testcase name="verifyContactUs3" time="0.048" classname="contactUsTest.ContactUsClass"/>
  <testcase name="verifyContactUs4" time="0.075" classname="contactUsTest.ContactUsClass"/>
</testsuite> <!-- Contact Us Test -->
