<?xml version="1.0" encoding="UTF-8"?>
<!-- Generated by org.testng.reporters.JUnitXMLReporter -->
<testsuite hostname="Jabins-MBP.lan" name="over view page display" tests="10" failures="0" timestamp="23 May 2021 14:43:41 GMT" time="3.145" errors="0">
  <testcase name="verifySpecialTextDisplayed" time="0.201" classname="overviewPage.OverviewDisplayTest"/>
  <testcase name="newProductsTestDisplayed" time="0.07" classname="overviewPage.OverviewDisplayTest"/>
  <testcase name="bestSellersTextDisplayed" time="0.025" classname="overviewPage.OverviewDisplayTest"/>
  <testcase name="ourStoresTextDisplayed" time="0.028" classname="overviewPage.OverviewDisplayTest"/>
  <testcase name="contactUsTextDisplayed" time="0.047" classname="overviewPage.OverviewDisplayTest"/>
  <testcase name="termsAndConditionTextDisplayed" time="0.019" classname="overviewPage.OverviewDisplayTest"/>
  <testcase name="aboutUsTextDisplayed" time="0.018" classname="overviewPage.OverviewDisplayTest"/>
  <testcase name="siteMapTextDisplayed" time="0.019" classname="overviewPage.OverviewDisplayTest"/>
  <testcase name="myOrdersTextDisplayed" time="0.02" classname="overviewPage.OverviewDisplayTest"/>
  <testcase name="myCreditSlipsTextDisplayed" time="0.018" classname="overviewPage.OverviewDisplayTest"/>
</testsuite> <!-- over view page display -->
